{"C:\\Users\\Diák\\Desktop\\Fehér_Dániel_13_S\\teszteles\\src\\Bank.js": {"path":"C:\\Users\\Diák\\Desktop\\Fehér_Dániel_13_S\\teszteles\\src\\Bank.js","all":false,"statementMap":{"0":{"start":{"line":1,"column":0},"end":{"line":1,"column":19}},"1":{"start":{"line":2,"column":0},"end":{"line":2,"column":16}},"2":{"start":{"line":3,"column":0},"end":{"line":3,"column":0}},"3":{"start":{"line":4,"column":0},"end":{"line":4,"column":29}},"4":{"start":{"line":5,"column":0},"end":{"line":5,"column":29}},"5":{"start":{"line":6,"column":0},"end":{"line":6,"column":52}},"6":{"start":{"line":7,"column":0},"end":{"line":7,"column":6}},"7":{"start":{"line":8,"column":0},"end":{"line":8,"column":26}},"8":{"start":{"line":9,"column":0},"end":{"line":9,"column":52}},"9":{"start":{"line":10,"column":0},"end":{"line":10,"column":6}},"10":{"start":{"line":11,"column":0},"end":{"line":11,"column":0}},"11":{"start":{"line":12,"column":0},"end":{"line":12,"column":18}},"12":{"start":{"line":13,"column":0},"end":{"line":13,"column":90}},"13":{"start":{"line":14,"column":0},"end":{"line":14,"column":14}},"14":{"start":{"line":15,"column":0},"end":{"line":15,"column":6}},"15":{"start":{"line":16,"column":0},"end":{"line":16,"column":0}},"16":{"start":{"line":17,"column":0},"end":{"line":17,"column":40}},"17":{"start":{"line":18,"column":0},"end":{"line":18,"column":73}},"18":{"start":{"line":19,"column":0},"end":{"line":19,"column":6}},"19":{"start":{"line":20,"column":0},"end":{"line":20,"column":32}},"20":{"start":{"line":21,"column":0},"end":{"line":21,"column":4}},"21":{"start":{"line":22,"column":0},"end":{"line":22,"column":0}},"22":{"start":{"line":23,"column":0},"end":{"line":23,"column":29}},"23":{"start":{"line":24,"column":0},"end":{"line":24,"column":22}},"24":{"start":{"line":25,"column":0},"end":{"line":25,"column":45}},"25":{"start":{"line":26,"column":0},"end":{"line":26,"column":6}},"26":{"start":{"line":27,"column":0},"end":{"line":27,"column":19}},"27":{"start":{"line":28,"column":0},"end":{"line":28,"column":45}},"28":{"start":{"line":29,"column":0},"end":{"line":29,"column":6}},"29":{"start":{"line":30,"column":0},"end":{"line":30,"column":0}},"30":{"start":{"line":31,"column":0},"end":{"line":31,"column":29}},"31":{"start":{"line":32,"column":0},"end":{"line":32,"column":52}},"32":{"start":{"line":33,"column":0},"end":{"line":33,"column":6}},"33":{"start":{"line":34,"column":0},"end":{"line":34,"column":26}},"34":{"start":{"line":35,"column":0},"end":{"line":35,"column":52}},"35":{"start":{"line":36,"column":0},"end":{"line":36,"column":6}},"36":{"start":{"line":37,"column":0},"end":{"line":37,"column":4}},"37":{"start":{"line":38,"column":0},"end":{"line":38,"column":18}},"38":{"start":{"line":39,"column":0},"end":{"line":39,"column":90}},"39":{"start":{"line":40,"column":0},"end":{"line":40,"column":14}},"40":{"start":{"line":41,"column":0},"end":{"line":41,"column":6}},"41":{"start":{"line":42,"column":0},"end":{"line":42,"column":0}},"42":{"start":{"line":43,"column":0},"end":{"line":43,"column":39}},"43":{"start":{"line":44,"column":0},"end":{"line":44,"column":69}},"44":{"start":{"line":45,"column":0},"end":{"line":45,"column":6}},"45":{"start":{"line":46,"column":0},"end":{"line":46,"column":0}},"46":{"start":{"line":47,"column":0},"end":{"line":47,"column":20}},"47":{"start":{"line":48,"column":0},"end":{"line":48,"column":22}},"48":{"start":{"line":49,"column":0},"end":{"line":49,"column":29}},"49":{"start":{"line":50,"column":0},"end":{"line":50,"column":17}},"50":{"start":{"line":51,"column":0},"end":{"line":51,"column":6}},"51":{"start":{"line":52,"column":0},"end":{"line":52,"column":0}},"52":{"start":{"line":53,"column":0},"end":{"line":53,"column":30}},"53":{"start":{"line":54,"column":0},"end":{"line":54,"column":0}},"54":{"start":{"line":55,"column":0},"end":{"line":55,"column":3}},"55":{"start":{"line":56,"column":0},"end":{"line":56,"column":0}},"56":{"start":{"line":57,"column":0},"end":{"line":57,"column":5}},"57":{"start":{"line":58,"column":0},"end":{"line":58,"column":49}},"58":{"start":{"line":59,"column":0},"end":{"line":59,"column":85}},"59":{"start":{"line":60,"column":0},"end":{"line":60,"column":40}},"60":{"start":{"line":61,"column":0},"end":{"line":61,"column":40}},"61":{"start":{"line":62,"column":0},"end":{"line":62,"column":47}},"62":{"start":{"line":63,"column":0},"end":{"line":63,"column":47}},"63":{"start":{"line":64,"column":0},"end":{"line":64,"column":5}},"64":{"start":{"line":65,"column":0},"end":{"line":65,"column":0}},"65":{"start":{"line":66,"column":0},"end":{"line":66,"column":24}},"66":{"start":{"line":67,"column":0},"end":{"line":67,"column":52}},"67":{"start":{"line":68,"column":0},"end":{"line":68,"column":3}},"68":{"start":{"line":69,"column":0},"end":{"line":69,"column":0}},"69":{"start":{"line":70,"column":0},"end":{"line":70,"column":38}},"70":{"start":{"line":71,"column":0},"end":{"line":71,"column":38}},"71":{"start":{"line":72,"column":0},"end":{"line":72,"column":3}},"72":{"start":{"line":73,"column":0},"end":{"line":73,"column":0}},"73":{"start":{"line":74,"column":0},"end":{"line":74,"column":29}},"74":{"start":{"line":75,"column":0},"end":{"line":75,"column":38}},"75":{"start":{"line":76,"column":0},"end":{"line":76,"column":3}},"76":{"start":{"line":77,"column":0},"end":{"line":77,"column":1}}},"s":{"0":1,"1":11,"2":11,"3":11,"4":4,"5":1,"6":4,"7":4,"8":1,"9":4,"10":2,"11":2,"12":4,"13":0,"14":4,"15":2,"16":4,"17":1,"18":1,"19":1,"20":11,"21":11,"22":11,"23":9,"24":1,"25":9,"26":9,"27":1,"28":9,"29":7,"30":9,"31":1,"32":9,"33":9,"34":1,"35":9,"36":5,"37":5,"38":9,"39":1,"40":9,"41":5,"42":9,"43":1,"44":9,"45":4,"46":4,"47":4,"48":4,"49":4,"50":4,"51":4,"52":4,"53":4,"54":9,"55":11,"56":11,"57":11,"58":11,"59":11,"60":11,"61":11,"62":11,"63":11,"64":11,"65":11,"66":4,"67":4,"68":11,"69":11,"70":0,"71":0,"72":11,"73":11,"74":0,"75":0,"76":11},"branchMap":{"0":{"type":"branch","line":1,"loc":{"start":{"line":1,"column":7},"end":{"line":77,"column":1}},"locations":[{"start":{"line":1,"column":7},"end":{"line":77,"column":1}}]},"1":{"type":"branch","line":4,"loc":{"start":{"line":4,"column":2},"end":{"line":21,"column":3}},"locations":[{"start":{"line":4,"column":2},"end":{"line":21,"column":3}}]},"2":{"type":"branch","line":5,"loc":{"start":{"line":5,"column":28},"end":{"line":7,"column":5}},"locations":[{"start":{"line":5,"column":28},"end":{"line":7,"column":5}}]},"3":{"type":"branch","line":7,"loc":{"start":{"line":7,"column":5},"end":{"line":8,"column":25}},"locations":[{"start":{"line":7,"column":5},"end":{"line":8,"column":25}}]},"4":{"type":"branch","line":8,"loc":{"start":{"line":8,"column":25},"end":{"line":10,"column":5}},"locations":[{"start":{"line":8,"column":25},"end":{"line":10,"column":5}}]},"5":{"type":"branch","line":10,"loc":{"start":{"line":10,"column":5},"end":{"line":13,"column":40}},"locations":[{"start":{"line":10,"column":5},"end":{"line":13,"column":40}}]},"6":{"type":"branch","line":13,"loc":{"start":{"line":13,"column":40},"end":{"line":13,"column":88}},"locations":[{"start":{"line":13,"column":40},"end":{"line":13,"column":88}}]},"7":{"type":"branch","line":13,"loc":{"start":{"line":13,"column":89},"end":{"line":15,"column":5}},"locations":[{"start":{"line":13,"column":89},"end":{"line":15,"column":5}}]},"8":{"type":"branch","line":15,"loc":{"start":{"line":15,"column":5},"end":{"line":17,"column":39}},"locations":[{"start":{"line":15,"column":5},"end":{"line":17,"column":39}}]},"9":{"type":"branch","line":17,"loc":{"start":{"line":17,"column":39},"end":{"line":21,"column":2}},"locations":[{"start":{"line":17,"column":39},"end":{"line":21,"column":2}}]},"10":{"type":"branch","line":23,"loc":{"start":{"line":23,"column":2},"end":{"line":55,"column":3}},"locations":[{"start":{"line":23,"column":2},"end":{"line":55,"column":3}}]},"11":{"type":"branch","line":24,"loc":{"start":{"line":24,"column":21},"end":{"line":26,"column":5}},"locations":[{"start":{"line":24,"column":21},"end":{"line":26,"column":5}}]},"12":{"type":"branch","line":26,"loc":{"start":{"line":26,"column":5},"end":{"line":27,"column":18}},"locations":[{"start":{"line":26,"column":5},"end":{"line":27,"column":18}}]},"13":{"type":"branch","line":27,"loc":{"start":{"line":27,"column":18},"end":{"line":29,"column":5}},"locations":[{"start":{"line":27,"column":18},"end":{"line":29,"column":5}}]},"14":{"type":"branch","line":29,"loc":{"start":{"line":29,"column":5},"end":{"line":31,"column":28}},"locations":[{"start":{"line":29,"column":5},"end":{"line":31,"column":28}}]},"15":{"type":"branch","line":31,"loc":{"start":{"line":31,"column":28},"end":{"line":33,"column":5}},"locations":[{"start":{"line":31,"column":28},"end":{"line":33,"column":5}}]},"16":{"type":"branch","line":33,"loc":{"start":{"line":33,"column":5},"end":{"line":34,"column":25}},"locations":[{"start":{"line":33,"column":5},"end":{"line":34,"column":25}}]},"17":{"type":"branch","line":34,"loc":{"start":{"line":34,"column":25},"end":{"line":36,"column":5}},"locations":[{"start":{"line":34,"column":25},"end":{"line":36,"column":5}}]},"18":{"type":"branch","line":36,"loc":{"start":{"line":36,"column":5},"end":{"line":39,"column":40}},"locations":[{"start":{"line":36,"column":5},"end":{"line":39,"column":40}}]},"19":{"type":"branch","line":39,"loc":{"start":{"line":39,"column":40},"end":{"line":39,"column":88}},"locations":[{"start":{"line":39,"column":40},"end":{"line":39,"column":88}}]},"20":{"type":"branch","line":39,"loc":{"start":{"line":39,"column":89},"end":{"line":41,"column":5}},"locations":[{"start":{"line":39,"column":89},"end":{"line":41,"column":5}}]},"21":{"type":"branch","line":41,"loc":{"start":{"line":41,"column":5},"end":{"line":43,"column":38}},"locations":[{"start":{"line":41,"column":5},"end":{"line":43,"column":38}}]},"22":{"type":"branch","line":43,"loc":{"start":{"line":43,"column":38},"end":{"line":45,"column":5}},"locations":[{"start":{"line":43,"column":38},"end":{"line":45,"column":5}}]},"23":{"type":"branch","line":45,"loc":{"start":{"line":45,"column":5},"end":{"line":55,"column":2}},"locations":[{"start":{"line":45,"column":5},"end":{"line":55,"column":2}}]},"24":{"type":"branch","line":66,"loc":{"start":{"line":66,"column":2},"end":{"line":68,"column":3}},"locations":[{"start":{"line":66,"column":2},"end":{"line":68,"column":3}}]}},"b":{"0":[11],"1":[4],"2":[1],"3":[3],"4":[1],"5":[2],"6":[1],"7":[0],"8":[2],"9":[1],"10":[9],"11":[1],"12":[8],"13":[1],"14":[7],"15":[1],"16":[6],"17":[1],"18":[5],"19":[2],"20":[1],"21":[5],"22":[1],"23":[4],"24":[4]},"fnMap":{"0":{"name":"<instance_members_initializer>","decl":{"start":{"line":1,"column":7},"end":{"line":77,"column":1}},"loc":{"start":{"line":1,"column":7},"end":{"line":77,"column":1}},"line":1},"1":{"name":"#szamlakereses","decl":{"start":{"line":4,"column":2},"end":{"line":21,"column":3}},"loc":{"start":{"line":4,"column":2},"end":{"line":21,"column":3}},"line":4},"2":{"name":"ujSzamla","decl":{"start":{"line":23,"column":2},"end":{"line":55,"column":3}},"loc":{"start":{"line":23,"column":2},"end":{"line":55,"column":3}},"line":23},"3":{"name":"egyenleg","decl":{"start":{"line":66,"column":2},"end":{"line":68,"column":3}},"loc":{"start":{"line":66,"column":2},"end":{"line":68,"column":3}},"line":66},"4":{"name":"egyenlegFeltolt","decl":{"start":{"line":70,"column":2},"end":{"line":72,"column":3}},"loc":{"start":{"line":70,"column":2},"end":{"line":72,"column":3}},"line":70},"5":{"name":"utal","decl":{"start":{"line":74,"column":2},"end":{"line":76,"column":3}},"loc":{"start":{"line":74,"column":2},"end":{"line":76,"column":3}},"line":74}},"f":{"0":11,"1":4,"2":9,"3":4,"4":0,"5":0}}
,"C:\\Users\\Diák\\Desktop\\Fehér_Dániel_13_S\\teszteles\\src\\exampletest.js": {"path":"C:\\Users\\Diák\\Desktop\\Fehér_Dániel_13_S\\teszteles\\src\\exampletest.js","all":true,"statementMap":{"0":{"start":{"line":1,"column":0},"end":{"line":1,"column":46}},"1":{"start":{"line":2,"column":0},"end":{"line":2,"column":0}},"2":{"start":{"line":3,"column":0},"end":{"line":3,"column":0}},"3":{"start":{"line":4,"column":0},"end":{"line":4,"column":21}},"4":{"start":{"line":5,"column":0},"end":{"line":5,"column":15}},"5":{"start":{"line":6,"column":0},"end":{"line":6,"column":1}},"6":{"start":{"line":7,"column":0},"end":{"line":7,"column":0}},"7":{"start":{"line":8,"column":0},"end":{"line":8,"column":33}},"8":{"start":{"line":9,"column":0},"end":{"line":9,"column":37}},"9":{"start":{"line":10,"column":0},"end":{"line":10,"column":30}},"10":{"start":{"line":11,"column":0},"end":{"line":11,"column":5}},"11":{"start":{"line":12,"column":0},"end":{"line":12,"column":0}},"12":{"start":{"line":13,"column":0},"end":{"line":13,"column":32}},"13":{"start":{"line":14,"column":0},"end":{"line":14,"column":34}},"14":{"start":{"line":15,"column":0},"end":{"line":15,"column":5}},"15":{"start":{"line":16,"column":0},"end":{"line":16,"column":2}}},"s":{"0":0,"1":0,"2":0,"3":0,"4":0,"5":0,"6":0,"7":0,"8":0,"9":0,"10":0,"11":0,"12":0,"13":0,"14":0,"15":0},"branchMap":{"0":{"type":"branch","line":1,"loc":{"start":{"line":1,"column":0},"end":{"line":16,"column":-108}},"locations":[{"start":{"line":1,"column":0},"end":{"line":16,"column":-108}}]}},"b":{"0":[0]},"fnMap":{"0":{"name":"(empty-report)","decl":{"start":{"line":1,"column":0},"end":{"line":16,"column":-108}},"loc":{"start":{"line":1,"column":0},"end":{"line":16,"column":-108}},"line":1}},"f":{"0":0}}
}
